<?xml version="1.0" encoding="UTF-8"?>
<testng-results total="1" passed="1" failed="0" skipped="0">
  <reporter-output>
    <line>
      <![CDATA[Application Opened]]>
    </line>
    <line>
      <![CDATA[Login part done]]>
    </line>
    <line>
      <![CDATA[Employee adding has been done]]>
    </line>
    <line>
      <![CDATA[Logout part done]]>
    </line>
    <line>
      <![CDATA[Browser Closed]]>
    </line>
  </reporter-output>
  <suite started-at="2022-05-30T07:30:18Z" name="Default suite" finished-at="2022-05-30T07:30:45Z" duration-ms="27678">
    <groups>
    </groups>
    <test started-at="2022-05-30T07:30:18Z" name="Default test" finished-at="2022-05-30T07:30:45Z" duration-ms="27678">
      <class name="com.hrms.testingscripts.TC_002_Add_Employee">
        <test-method signature="tc_001()[pri:0, instance:com.hrms.testingscripts.TC_002_Add_Employee@35dab4eb]" started-at="2022-05-30T13:00:18Z" name="tc_001" finished-at="2022-05-30T13:00:45Z" duration-ms="27652" status="PASS">
          <reporter-output>
            <line>
              <![CDATA[Application Opened]]>
            </line>
            <line>
              <![CDATA[Login part done]]>
            </line>
            <line>
              <![CDATA[Employee adding has been done]]>
            </line>
            <line>
              <![CDATA[Logout part done]]>
            </line>
            <line>
              <![CDATA[Browser Closed]]>
            </line>
          </reporter-output>
        </test-method> <!-- tc_001 -->
      </class> <!-- com.hrms.testingscripts.TC_002_Add_Employee -->
    </test> <!-- Default test -->
  </suite> <!-- Default suite -->
</testng-results>
