<?xml version="1.0" encoding="UTF-8"?>
<testng-results total="1" passed="1" failed="0" skipped="0">
  <reporter-output>
    <line>
      <![CDATA[Application Opened]]>
    </line>
    <line>
      <![CDATA[Login part done]]>
    </line>
    <line>
      <![CDATA[Logout part done]]>
    </line>
    <line>
      <![CDATA[Browser Closed]]>
    </line>
  </reporter-output>
  <suite started-at="2022-05-27T07:14:15Z" name="Default suite" finished-at="2022-05-27T07:14:31Z" duration-ms="15927">
    <groups>
    </groups>
    <test started-at="2022-05-27T07:14:15Z" name="Default test" finished-at="2022-05-27T07:14:31Z" duration-ms="15927">
      <class name="com.hrms.testingscripts.TC_001_Login_Logout">
        <test-method signature="tc_001()[pri:0, instance:com.hrms.testingscripts.TC_001_Login_Logout@35dab4eb]" started-at="2022-05-27T12:44:15Z" name="tc_001" finished-at="2022-05-27T12:44:31Z" duration-ms="15899" status="PASS">
          <reporter-output>
            <line>
              <![CDATA[Application Opened]]>
            </line>
            <line>
              <![CDATA[Login part done]]>
            </line>
            <line>
              <![CDATA[Logout part done]]>
            </line>
            <line>
              <![CDATA[Browser Closed]]>
            </line>
          </reporter-output>
        </test-method> <!-- tc_001 -->
      </class> <!-- com.hrms.testingscripts.TC_001_Login_Logout -->
    </test> <!-- Default test -->
  </suite> <!-- Default suite -->
</testng-results>
